Grammar

    0 $accept: start $end

    1 start: expr NEWLINE

    2 expr: /* empty */
    3     | expr '+' expr
    4     | expr '-' expr
    5     | expr '*' expr
    6     | expr '/' expr
    7     | expr '%' expr
    8     | '(' expr ')'
    9     | DIGIT


Terminals, with rules where they appear

$end (0) 0
'%' (37) 7
'(' (40) 8
')' (41) 8
'*' (42) 5
'+' (43) 3
'-' (45) 4
'/' (47) 6
error (256)
DIGIT (258) 9
NEWLINE (259) 1


Nonterminals, with rules where they appear

$accept (12)
    on left: 0
start (13)
    on left: 1, on right: 0
expr (14)
    on left: 2 3 4 5 6 7 8 9, on right: 1 3 4 5 6 7 8


State 0

    0 $accept: . start $end

    DIGIT  shift, and go to state 1
    '('    shift, and go to state 2

    $default  reduce using rule 2 (expr)

    start  go to state 3
    expr   go to state 4


State 1

    9 expr: DIGIT .

    $default  reduce using rule 9 (expr)


State 2

    8 expr: '(' . expr ')'

    DIGIT  shift, and go to state 1
    '('    shift, and go to state 2

    $default  reduce using rule 2 (expr)

    expr  go to state 5


State 3

    0 $accept: start . $end

    $end  shift, and go to state 6


State 4

    1 start: expr . NEWLINE
    3 expr: expr . '+' expr
    4     | expr . '-' expr
    5     | expr . '*' expr
    6     | expr . '/' expr
    7     | expr . '%' expr

    NEWLINE  shift, and go to state 7
    '-'      shift, and go to state 8
    '+'      shift, and go to state 9
    '*'      shift, and go to state 10
    '/'      shift, and go to state 11
    '%'      shift, and go to state 12


State 5

    3 expr: expr . '+' expr
    4     | expr . '-' expr
    5     | expr . '*' expr
    6     | expr . '/' expr
    7     | expr . '%' expr
    8     | '(' expr . ')'

    '-'  shift, and go to state 8
    '+'  shift, and go to state 9
    '*'  shift, and go to state 10
    '/'  shift, and go to state 11
    '%'  shift, and go to state 12
    ')'  shift, and go to state 13


State 6

    0 $accept: start $end .

    $default  accept


State 7

    1 start: expr NEWLINE .

    $default  reduce using rule 1 (start)


State 8

    4 expr: expr '-' . expr

    DIGIT  shift, and go to state 1
    '('    shift, and go to state 2

    $default  reduce using rule 2 (expr)

    expr  go to state 14


State 9

    3 expr: expr '+' . expr

    DIGIT  shift, and go to state 1
    '('    shift, and go to state 2

    $default  reduce using rule 2 (expr)

    expr  go to state 15


State 10

    5 expr: expr '*' . expr

    DIGIT  shift, and go to state 1
    '('    shift, and go to state 2

    $default  reduce using rule 2 (expr)

    expr  go to state 16


State 11

    6 expr: expr '/' . expr

    DIGIT  shift, and go to state 1
    '('    shift, and go to state 2

    $default  reduce using rule 2 (expr)

    expr  go to state 17


State 12

    7 expr: expr '%' . expr

    DIGIT  shift, and go to state 1
    '('    shift, and go to state 2

    $default  reduce using rule 2 (expr)

    expr  go to state 18


State 13

    8 expr: '(' expr ')' .

    $default  reduce using rule 8 (expr)


State 14

    3 expr: expr . '+' expr
    4     | expr . '-' expr
    4     | expr '-' expr .
    5     | expr . '*' expr
    6     | expr . '/' expr
    7     | expr . '%' expr

    '*'  shift, and go to state 10
    '/'  shift, and go to state 11
    '%'  shift, and go to state 12

    $default  reduce using rule 4 (expr)


State 15

    3 expr: expr . '+' expr
    3     | expr '+' expr .
    4     | expr . '-' expr
    5     | expr . '*' expr
    6     | expr . '/' expr
    7     | expr . '%' expr

    '*'  shift, and go to state 10
    '/'  shift, and go to state 11
    '%'  shift, and go to state 12

    $default  reduce using rule 3 (expr)


State 16

    3 expr: expr . '+' expr
    4     | expr . '-' expr
    5     | expr . '*' expr
    5     | expr '*' expr .
    6     | expr . '/' expr
    7     | expr . '%' expr

    '%'  shift, and go to state 12

    $default  reduce using rule 5 (expr)


State 17

    3 expr: expr . '+' expr
    4     | expr . '-' expr
    5     | expr . '*' expr
    6     | expr . '/' expr
    6     | expr '/' expr .
    7     | expr . '%' expr

    '%'  shift, and go to state 12

    $default  reduce using rule 6 (expr)


State 18

    3 expr: expr . '+' expr
    4     | expr . '-' expr
    5     | expr . '*' expr
    6     | expr . '/' expr
    7     | expr . '%' expr
    7     | expr '%' expr .

    $default  reduce using rule 7 (expr)
