Grammar

    0 $accept: S $end

    1 S: S1 NL

    2 S1: A S1 B
    3   | A B


Terminals, with rules where they appear

$end (0) 0
error (256)
A (258) 2 3
B (259) 2 3
NL (260) 1


Nonterminals, with rules where they appear

$accept (6)
    on left: 0
S (7)
    on left: 1, on right: 0
S1 (8)
    on left: 2 3, on right: 1 2


State 0

    0 $accept: . S $end

    A  shift, and go to state 1

    S   go to state 2
    S1  go to state 3


State 1

    2 S1: A . S1 B
    3   | A . B

    A  shift, and go to state 1
    B  shift, and go to state 4

    S1  go to state 5


State 2

    0 $accept: S . $end

    $end  shift, and go to state 6


State 3

    1 S: S1 . NL

    NL  shift, and go to state 7


State 4

    3 S1: A B .

    $default  reduce using rule 3 (S1)


State 5

    2 S1: A S1 . B

    B  shift, and go to state 8


State 6

    0 $accept: S $end .

    $default  accept


State 7

    1 S: S1 NL .

    $default  reduce using rule 1 (S)


State 8

    2 S1: A S1 B .

    $default  reduce using rule 2 (S1)
